[0.091s] DEBUG:colcon:Command line arguments: ['/usr/bin/colcon', 'build']
[0.091s] DEBUG:colcon:Parsed command line arguments: Namespace(log_base=None, log_level=None, verb_name='build', build_base='build', install_base='install', merge_install=False, symlink_install=False, test_result_base=None, continue_on_error=False, executor='parallel', parallel_workers=8, event_handlers=None, ignore_user_meta=False, metas=['./colcon.meta'], base_paths=['.'], packages_ignore=None, packages_ignore_regex=None, paths=None, packages_up_to=None, packages_up_to_regex=None, packages_above=None, packages_above_and_dependencies=None, packages_above_depth=None, packages_select_by_dep=None, packages_skip_by_dep=None, packages_skip_up_to=None, packages_select_build_failed=False, packages_skip_build_finished=False, packages_select_test_failures=False, packages_skip_test_passed=False, packages_select=None, packages_skip=None, packages_select_regex=None, packages_skip_regex=None, packages_start=None, packages_end=None, allow_overriding=[], cmake_args=None, cmake_target=None, cmake_target_skip_unavailable=False, cmake_clean_cache=False, cmake_clean_first=False, cmake_force_configure=False, ament_cmake_args=None, catkin_cmake_args=None, catkin_skip_building_tests=False, mixin_files=None, mixin=None, verb_parser=<colcon_mixin.mixin.mixin_argument.MixinArgumentDecorator object at 0x709d1a67c3d0>, verb_extension=<colcon_core.verb.build.BuildVerb object at 0x709d1a7b14b0>, main=<bound method BuildVerb.main of <colcon_core.verb.build.BuildVerb object at 0x709d1a7b14b0>>, mixin_verb=('build',))
[0.258s] Level 1:colcon.colcon_core.package_discovery:discover_packages(colcon_meta) check parameters
[0.259s] Level 1:colcon.colcon_core.package_discovery:discover_packages(recursive) check parameters
[0.259s] Level 1:colcon.colcon_core.package_discovery:discover_packages(ignore) check parameters
[0.259s] Level 1:colcon.colcon_core.package_discovery:discover_packages(path) check parameters
[0.259s] Level 1:colcon.colcon_core.package_discovery:discover_packages(colcon_meta) discover
[0.259s] Level 1:colcon.colcon_core.package_discovery:discover_packages(recursive) discover
[0.259s] INFO:colcon.colcon_core.package_discovery:Crawling recursively for packages in '/home/george/new_ws/src/walle_ROS2'
[0.259s] Level 1:colcon.colcon_core.package_identification:_identify(.) by extensions ['ignore', 'ignore_ament_install']
[0.259s] Level 1:colcon.colcon_core.package_identification:_identify(.) by extension 'ignore'
[0.259s] Level 1:colcon.colcon_core.package_identification:_identify(.) by extension 'ignore_ament_install'
[0.259s] Level 1:colcon.colcon_core.package_identification:_identify(.) by extensions ['colcon_pkg']
[0.259s] Level 1:colcon.colcon_core.package_identification:_identify(.) by extension 'colcon_pkg'
[0.259s] Level 1:colcon.colcon_core.package_identification:_identify(.) by extensions ['colcon_meta']
[0.259s] Level 1:colcon.colcon_core.package_identification:_identify(.) by extension 'colcon_meta'
[0.259s] Level 1:colcon.colcon_core.package_identification:_identify(.) by extensions ['ros']
[0.259s] Level 1:colcon.colcon_core.package_identification:_identify(.) by extension 'ros'
[0.267s] DEBUG:colcon.colcon_core.package_identification:Package '.' with type 'ros.ament_python' and name 'walle_ROS2'
[0.267s] Level 1:colcon.colcon_core.package_discovery:discover_packages(recursive) using defaults
[0.267s] Level 1:colcon.colcon_core.package_discovery:discover_packages(ignore) discover
[0.267s] Level 1:colcon.colcon_core.package_discovery:discover_packages(ignore) using defaults
[0.267s] Level 1:colcon.colcon_core.package_discovery:discover_packages(path) discover
[0.267s] Level 1:colcon.colcon_core.package_discovery:discover_packages(path) using defaults
[0.286s] Level 1:colcon.colcon_core.package_discovery:discover_packages(prefix_path) check parameters
[0.287s] Level 1:colcon.colcon_core.package_discovery:discover_packages(prefix_path) discover
[0.295s] DEBUG:colcon.colcon_installed_package_information.package_discovery:Found 60 installed packages in /home/george/ws_moveit2/install
[0.296s] DEBUG:colcon.colcon_installed_package_information.package_discovery:Found 7 installed packages in /home/george/Ros2_course/RViz/install
[0.296s] DEBUG:colcon.colcon_installed_package_information.package_discovery:Found 0 installed packages in /home/george/ros2_ws/install
[0.297s] DEBUG:colcon.colcon_installed_package_information.package_discovery:Found 390 installed packages in /opt/ros/humble
[0.299s] Level 1:colcon.colcon_core.package_discovery:discover_packages(prefix_path) using defaults
[0.330s] Level 5:colcon.colcon_core.verb:set package 'walle_ROS2' build argument 'cmake_args' from command line to 'None'
[0.330s] Level 5:colcon.colcon_core.verb:set package 'walle_ROS2' build argument 'cmake_target' from command line to 'None'
[0.330s] Level 5:colcon.colcon_core.verb:set package 'walle_ROS2' build argument 'cmake_target_skip_unavailable' from command line to 'False'
[0.330s] Level 5:colcon.colcon_core.verb:set package 'walle_ROS2' build argument 'cmake_clean_cache' from command line to 'False'
[0.330s] Level 5:colcon.colcon_core.verb:set package 'walle_ROS2' build argument 'cmake_clean_first' from command line to 'False'
[0.330s] Level 5:colcon.colcon_core.verb:set package 'walle_ROS2' build argument 'cmake_force_configure' from command line to 'False'
[0.331s] Level 5:colcon.colcon_core.verb:set package 'walle_ROS2' build argument 'ament_cmake_args' from command line to 'None'
[0.331s] Level 5:colcon.colcon_core.verb:set package 'walle_ROS2' build argument 'catkin_cmake_args' from command line to 'None'
[0.331s] Level 5:colcon.colcon_core.verb:set package 'walle_ROS2' build argument 'catkin_skip_building_tests' from command line to 'False'
[0.331s] DEBUG:colcon.colcon_core.verb:Building package 'walle_ROS2' with the following arguments: {'ament_cmake_args': None, 'build_base': '/home/george/new_ws/src/walle_ROS2/build/walle_ROS2', 'catkin_cmake_args': None, 'catkin_skip_building_tests': False, 'cmake_args': None, 'cmake_clean_cache': False, 'cmake_clean_first': False, 'cmake_force_configure': False, 'cmake_target': None, 'cmake_target_skip_unavailable': False, 'install_base': '/home/george/new_ws/src/walle_ROS2/install/walle_ROS2', 'merge_install': False, 'path': '/home/george/new_ws/src/walle_ROS2', 'symlink_install': False, 'test_result_base': None}
[0.331s] INFO:colcon.colcon_core.executor:Executing jobs using 'parallel' executor
[0.331s] DEBUG:colcon.colcon_parallel_executor.executor.parallel:run_until_complete
[0.332s] INFO:colcon.colcon_ros.task.ament_python.build:Building ROS package in '/home/george/new_ws/src/walle_ROS2' with build type 'ament_python'
[0.332s] Level 1:colcon.colcon_core.shell:create_environment_hook('walle_ROS2', 'ament_prefix_path')
[0.333s] INFO:colcon.colcon_core.plugin_system:Skipping extension 'colcon_core.shell.bat': Not used on non-Windows systems
[0.334s] INFO:colcon.colcon_core.shell:Creating environment hook '/home/george/new_ws/src/walle_ROS2/install/walle_ROS2/share/walle_ROS2/hook/ament_prefix_path.ps1'
[0.334s] INFO:colcon.colcon_core.shell:Creating environment descriptor '/home/george/new_ws/src/walle_ROS2/install/walle_ROS2/share/walle_ROS2/hook/ament_prefix_path.dsv'
[0.334s] INFO:colcon.colcon_core.shell:Creating environment hook '/home/george/new_ws/src/walle_ROS2/install/walle_ROS2/share/walle_ROS2/hook/ament_prefix_path.sh'
[0.335s] INFO:colcon.colcon_core.shell:Skip shell extension 'powershell' for command environment: Not usable outside of PowerShell
[0.335s] DEBUG:colcon.colcon_core.shell:Skip shell extension 'dsv' for command environment
[0.516s] INFO:colcon.colcon_core.task.python.build:Building Python package in '/home/george/new_ws/src/walle_ROS2'
[0.517s] INFO:colcon.colcon_core.shell:Skip shell extension 'powershell' for command environment: Not usable outside of PowerShell
[0.517s] DEBUG:colcon.colcon_core.shell:Skip shell extension 'dsv' for command environment
[0.796s] DEBUG:colcon.colcon_core.event_handler.log_command:Invoking command in '/home/george/new_ws/src/walle_ROS2': PYTHONPATH=/home/george/new_ws/src/walle_ROS2/build/walle_ROS2/prefix_override:/usr/lib/python3/dist-packages/colcon_core/task/python/colcon_distutils_commands:/home/george/new_ws/src/walle_ROS2/install/walle_ROS2/lib/python3.10/site-packages:${PYTHONPATH} /usr/bin/python3 -W ignore:setup.py install is deprecated -W ignore:easy_install command is deprecated setup.py egg_info --egg-base build/walle_ROS2 build --build-base /home/george/new_ws/src/walle_ROS2/build/walle_ROS2/build install --record /home/george/new_ws/src/walle_ROS2/build/walle_ROS2/install.log --single-version-externally-managed install_data
[1.019s] DEBUG:colcon.colcon_core.event_handler.log_command:Invoked command in '/home/george/new_ws/src/walle_ROS2' returned '0': PYTHONPATH=/home/george/new_ws/src/walle_ROS2/build/walle_ROS2/prefix_override:/usr/lib/python3/dist-packages/colcon_core/task/python/colcon_distutils_commands:/home/george/new_ws/src/walle_ROS2/install/walle_ROS2/lib/python3.10/site-packages:${PYTHONPATH} /usr/bin/python3 -W ignore:setup.py install is deprecated -W ignore:easy_install command is deprecated setup.py egg_info --egg-base build/walle_ROS2 build --build-base /home/george/new_ws/src/walle_ROS2/build/walle_ROS2/build install --record /home/george/new_ws/src/walle_ROS2/build/walle_ROS2/install.log --single-version-externally-managed install_data
[1.033s] Level 1:colcon.colcon_core.environment:checking '/home/george/new_ws/src/walle_ROS2/install/walle_ROS2' for CMake module files
[1.034s] Level 1:colcon.colcon_core.environment:checking '/home/george/new_ws/src/walle_ROS2/install/walle_ROS2' for CMake config files
[1.036s] Level 1:colcon.colcon_core.environment:checking '/home/george/new_ws/src/walle_ROS2/install/walle_ROS2/lib'
[1.036s] Level 1:colcon.colcon_core.environment:checking '/home/george/new_ws/src/walle_ROS2/install/walle_ROS2/bin'
[1.036s] Level 1:colcon.colcon_core.environment:checking '/home/george/new_ws/src/walle_ROS2/install/walle_ROS2/lib/pkgconfig/walle_ROS2.pc'
[1.037s] Level 1:colcon.colcon_core.environment:checking '/home/george/new_ws/src/walle_ROS2/install/walle_ROS2/lib/python3.10/site-packages'
[1.037s] Level 1:colcon.colcon_core.shell:create_environment_hook('walle_ROS2', 'pythonpath')
[1.037s] INFO:colcon.colcon_core.shell:Creating environment hook '/home/george/new_ws/src/walle_ROS2/install/walle_ROS2/share/walle_ROS2/hook/pythonpath.ps1'
[1.038s] INFO:colcon.colcon_core.shell:Creating environment descriptor '/home/george/new_ws/src/walle_ROS2/install/walle_ROS2/share/walle_ROS2/hook/pythonpath.dsv'
[1.038s] INFO:colcon.colcon_core.shell:Creating environment hook '/home/george/new_ws/src/walle_ROS2/install/walle_ROS2/share/walle_ROS2/hook/pythonpath.sh'
[1.039s] Level 1:colcon.colcon_core.environment:checking '/home/george/new_ws/src/walle_ROS2/install/walle_ROS2/bin'
[1.039s] Level 1:colcon.colcon_core.environment:create_environment_scripts_only(walle_ROS2)
[1.040s] INFO:colcon.colcon_core.shell:Creating package script '/home/george/new_ws/src/walle_ROS2/install/walle_ROS2/share/walle_ROS2/package.ps1'
[1.042s] INFO:colcon.colcon_core.shell:Creating package descriptor '/home/george/new_ws/src/walle_ROS2/install/walle_ROS2/share/walle_ROS2/package.dsv'
[1.043s] INFO:colcon.colcon_core.shell:Creating package script '/home/george/new_ws/src/walle_ROS2/install/walle_ROS2/share/walle_ROS2/package.sh'
[1.044s] INFO:colcon.colcon_core.shell:Creating package script '/home/george/new_ws/src/walle_ROS2/install/walle_ROS2/share/walle_ROS2/package.bash'
[1.045s] INFO:colcon.colcon_core.shell:Creating package script '/home/george/new_ws/src/walle_ROS2/install/walle_ROS2/share/walle_ROS2/package.zsh'
[1.047s] Level 1:colcon.colcon_core.environment:create_file_with_runtime_dependencies(/home/george/new_ws/src/walle_ROS2/install/walle_ROS2/share/colcon-core/packages/walle_ROS2)
[1.047s] DEBUG:colcon.colcon_parallel_executor.executor.parallel:closing loop
[1.048s] DEBUG:colcon.colcon_parallel_executor.executor.parallel:loop closed
[1.048s] DEBUG:colcon.colcon_parallel_executor.executor.parallel:run_until_complete finished with '0'
[1.048s] DEBUG:colcon.colcon_core.event_reactor:joining thread
[1.058s] INFO:colcon.colcon_core.plugin_system:Skipping extension 'colcon_notification.desktop_notification.terminal_notifier': Not used on non-Darwin systems
[1.058s] INFO:colcon.colcon_core.plugin_system:Skipping extension 'colcon_notification.desktop_notification.win32': Not used on non-Windows systems
[1.058s] INFO:colcon.colcon_notification.desktop_notification:Sending desktop notification using 'notify2'
[1.074s] DEBUG:colcon.colcon_core.event_reactor:joined thread
[1.074s] INFO:colcon.colcon_core.shell:Creating prefix script '/home/george/new_ws/src/walle_ROS2/install/local_setup.ps1'
[1.076s] INFO:colcon.colcon_core.shell:Creating prefix util module '/home/george/new_ws/src/walle_ROS2/install/_local_setup_util_ps1.py'
[1.079s] INFO:colcon.colcon_core.shell:Creating prefix chain script '/home/george/new_ws/src/walle_ROS2/install/setup.ps1'
[1.085s] INFO:colcon.colcon_core.shell:Creating prefix script '/home/george/new_ws/src/walle_ROS2/install/local_setup.sh'
[1.086s] INFO:colcon.colcon_core.shell:Creating prefix util module '/home/george/new_ws/src/walle_ROS2/install/_local_setup_util_sh.py'
[1.087s] INFO:colcon.colcon_core.shell:Creating prefix chain script '/home/george/new_ws/src/walle_ROS2/install/setup.sh'
[1.093s] INFO:colcon.colcon_core.shell:Creating prefix script '/home/george/new_ws/src/walle_ROS2/install/local_setup.bash'
[1.094s] INFO:colcon.colcon_core.shell:Creating prefix chain script '/home/george/new_ws/src/walle_ROS2/install/setup.bash'
[1.099s] INFO:colcon.colcon_core.shell:Creating prefix script '/home/george/new_ws/src/walle_ROS2/install/local_setup.zsh'
[1.100s] INFO:colcon.colcon_core.shell:Creating prefix chain script '/home/george/new_ws/src/walle_ROS2/install/setup.zsh'
